<component name="libraryTable">
  <library name="junit-4.12_e2432538">
    <CLASSES>
      <root url="jar:///private/var/tmp/_bazel_traviscramer/1892aacb6cb4153466424aa2b7dc7a71/external/maven/v1/https/repo1.maven.org/maven2/junit/junit/4.12/junit-4.12.jar!/" />
    </CLASSES>
    <JAVADOC />
    <SOURCES />
  </library>
</component>