<component name="libraryTable">
  <library name="junit-jupiter-api-5.8.1_d6a3ed45">
    <CLASSES>
      <root url="jar:///private/var/tmp/_bazel_traviscramer/1892aacb6cb4153466424aa2b7dc7a71/external/maven/v1/https/repo1.maven.org/maven2/org/junit/jupiter/junit-jupiter-api/5.8.1/junit-jupiter-api-5.8.1.jar!/" />
    </CLASSES>
    <JAVADOC />
    <SOURCES />
  </library>
</component>