<component name="libraryTable">
  <library name="junit-platform-commons-1.8.1_c6099a91">
    <CLASSES>
      <root url="jar:///private/var/tmp/_bazel_traviscramer/1892aacb6cb4153466424aa2b7dc7a71/external/maven/v1/https/repo1.maven.org/maven2/org/junit/platform/junit-platform-commons/1.8.1/junit-platform-commons-1.8.1.jar!/" />
    </CLASSES>
    <JAVADOC />
    <SOURCES />
  </library>
</component>